<?xml version="1.0" encoding="UTF-8"?>
<!-- Generated by org.testng.reporters.JUnitReportReporter -->
<testsuite name="com.elong.air.tests.TestCreateSingleOrder" tests="1" time="432.125" ignored="0" failures="0" timestamp="07 二月 2017 10:54:31 GMT" skipped="0" hostname="EBJ4468" errors="0">
  <testcase name="createSingleOrder" time="432.125" classname="com.elong.air.tests.TestCreateSingleOrder"/>
</testsuite> <!-- com.elong.air.tests.TestCreateSingleOrder -->
