<?xml version="1.0" encoding="UTF-8"?>
<!-- Generated by org.testng.reporters.JUnitReportReporter -->
<testsuite hostname="EBJ4468" name="com.elong.air.tests.TestCreateSingleOrder" tests="1" failures="0" timestamp="27 Oct 2015 03:29:18 GMT" time="77.253" errors="0">
  <testcase name="createSingleOrder" time="77.253" classname="com.elong.air.tests.TestCreateSingleOrder"/>
</testsuite> <!-- com.elong.air.tests.TestCreateSingleOrder -->
