<?xml version="1.0" encoding="UTF-8"?>
<!-- Generated by org.testng.reporters.JUnitReportReporter -->
<testsuite hostname="EBJ4468" name="com.elong.air.tests.TestSearchField_ClassType" tests="1" failures="0" timestamp="6 Jun 2016 11:04:56 GMT" time="141.904" errors="0">
  <testcase name="testSearchField" time="141.904" classname="com.elong.air.tests.TestSearchField_ClassType"/>
</testsuite> <!-- com.elong.air.tests.TestSearchField_ClassType -->
