<?xml version="1.0" encoding="UTF-8"?>
<!-- Generated by org.testng.reporters.JUnitReportReporter -->
<testsuite hostname="EBJ4468" name="com.elong.air.tests.TestSearchField" tests="1" failures="0" timestamp="20 Nov 2015 09:45:36 GMT" time="67.160" errors="0">
  <testcase name="TestField" time="67.160" classname="com.elong.air.tests.TestSearchField"/>
</testsuite> <!-- com.elong.air.tests.TestSearchField -->
