<?xml version="1.0" encoding="UTF-8"?>
<!-- Generated by org.testng.reporters.JUnitReportReporter -->
<testsuite hostname="EBJ4468" name="com.elong.air.tests.TestSearchField" tests="1" failures="0" timestamp="24 Jun 2016 05:14:52 GMT" time="9.492" errors="0">
  <testcase name="testSearchField" time="9.492" classname="com.elong.air.tests.TestSearchField"/>
</testsuite> <!-- com.elong.air.tests.TestSearchField -->
