<?xml version="1.0" encoding="UTF-8"?>
<!-- Generated by org.testng.reporters.JUnitReportReporter -->
<testsuite hostname="EBJ4468" name="com.elong.air.tests.TestCheckAirLists" tests="1" failures="0" timestamp="24 Jun 2016 09:52:06 GMT" time="101.970" errors="0">
  <testcase name="createSingleOrder" time="101.970" classname="com.elong.air.tests.TestCheckAirLists"/>
</testsuite> <!-- com.elong.air.tests.TestCheckAirLists -->
