<?xml version="1.0" encoding="UTF-8"?>
<!-- Generated by org.testng.reporters.JUnitReportReporter -->
<testsuite hostname="EBJ4468" name="com.elong.air.tests.TestSearch" tests="1" failures="0" timestamp="28 Oct 2015 07:49:17 GMT" time="0.003" errors="0">
  <testcase name="createSingleOrder" time="0.003" classname="com.elong.air.tests.TestSearch"/>
</testsuite> <!-- com.elong.air.tests.TestSearch -->
