<?xml version="1.0" encoding="UTF-8"?>
<!-- Generated by org.testng.reporters.JUnitReportReporter -->
<testsuite hostname="EBJ4468" name="com.elong.air.tests.TestSearchField" tests="1" failures="0" timestamp="3 Jun 2016 10:50:56 GMT" time="8.078" errors="0">
  <testcase name="testSearchField" time="8.078" classname="com.elong.air.tests.TestSearchField"/>
</testsuite> <!-- com.elong.air.tests.TestSearchField -->
