<?xml version="1.0" encoding="UTF-8"?>
<!-- Generated by org.testng.reporters.JUnitReportReporter -->
<testsuite hostname="EBJ4468" name="com.elong.air.tests.TestCreateSingleOrder" tests="1" failures="0" timestamp="24 Jun 2016 07:15:18 GMT" time="490.512" errors="0">
  <testcase name="createSingleOrder" time="490.512" classname="com.elong.air.tests.TestCreateSingleOrder"/>
</testsuite> <!-- com.elong.air.tests.TestCreateSingleOrder -->
