<?xml version="1.0" encoding="UTF-8"?>
<!-- Generated by org.testng.reporters.JUnitReportReporter -->
<testsuite hostname="EBJ4468" name="com.elong.air.tests.TestforCenter" tests="1" failures="0" timestamp="30 Dec 2016 03:48:47 GMT" time="4.667" errors="0">
  <testcase name="test" time="4.667" classname="com.elong.air.tests.TestforCenter"/>
</testsuite> <!-- com.elong.air.tests.TestforCenter -->
