<?xml version="1.0" encoding="UTF-8"?>
<!-- Generated by org.testng.reporters.JUnitReportReporter -->
<testsuite hostname="EBJ4468" name="com.elong.air.tests.TestSearchField" tests="1" failures="0" timestamp="22 Jun 2016 08:50:47 GMT" time="7.686" errors="0">
  <testcase name="testSearchField" time="7.686" classname="com.elong.air.tests.TestSearchField"/>
</testsuite> <!-- com.elong.air.tests.TestSearchField -->
