<?xml version="1.0" encoding="UTF-8"?>
<!-- Generated by org.testng.reporters.JUnitReportReporter -->
<testsuite name="com.elong.air.tests.DdataProviderTest" tests="7" time="0.022" ignored="0" failures="0" timestamp="16 一月 2017 07:10:43 GMT" skipped="0" hostname="EBJ4468" errors="0">
  <testcase name="doTestNG" time="0.002" classname="com.elong.air.tests.DdataProviderTest"/>
  <testcase name="doTestNG2" time="0.002" classname="com.elong.air.tests.DdataProviderTest"/>
  <testcase name="doTestNG" time="0.002" classname="com.elong.air.tests.DdataProviderTest"/>
  <testcase name="doTestNG1" time="0.002" classname="com.elong.air.tests.DdataProviderTest"/>
  <testcase name="doTestNG2" time="0.002" classname="com.elong.air.tests.DdataProviderTest"/>
  <testcase name="doTestNG" time="0.010" classname="com.elong.air.tests.DdataProviderTest"/>
  <testcase name="doTestNG1" time="0.002" classname="com.elong.air.tests.DdataProviderTest"/>
</testsuite> <!-- com.elong.air.tests.DdataProviderTest -->
