<?xml version="1.0" encoding="UTF-8"?>
<!-- Generated by org.testng.reporters.JUnitReportReporter -->
<testsuite hostname="EBJ4468" name="com.elong.air.tests.TestSearchField_ClassType" tests="1" failures="0" timestamp="23 Jun 2016 06:03:49 GMT" time="103.011" errors="0">
  <testcase name="testSearchField" time="103.011" classname="com.elong.air.tests.TestSearchField_ClassType"/>
</testsuite> <!-- com.elong.air.tests.TestSearchField_ClassType -->
